<?xml version="1.0" encoding="UTF-8"?>
<testng-results skipped="0" failed="0" total="1" passed="1">
  <reporter-output>
  </reporter-output>
  <suite name="TestPackage.NewTest" duration-ms="21817" started-at="2018-03-30T07:27:23Z" finished-at="2018-03-30T07:27:44Z">
    <groups>
    </groups>
    <test name="Command line test" duration-ms="21817" started-at="2018-03-30T07:27:23Z" finished-at="2018-03-30T07:27:44Z">
      <class name="TestPackage.NewTest">
        <test-method status="PASS" signature="beforeTest()[pri:0, instance:TestPackage.NewTest@26ba2a48]" name="beforeTest" is-config="true" duration-ms="7103" started-at="2018-03-30T12:57:23Z" finished-at="2018-03-30T12:57:30Z">
          <reporter-output>
          </reporter-output>
        </test-method> <!-- beforeTest -->
        <test-method status="PASS" signature="testEasy()[pri:0, instance:TestPackage.NewTest@26ba2a48]" name="testEasy" duration-ms="14683" started-at="2018-03-30T12:57:30Z" finished-at="2018-03-30T12:57:44Z">
          <reporter-output>
          </reporter-output>
        </test-method> <!-- testEasy -->
        <test-method status="PASS" signature="afterTest()[pri:0, instance:TestPackage.NewTest@26ba2a48]" name="afterTest" is-config="true" duration-ms="14" started-at="2018-03-30T12:57:44Z" finished-at="2018-03-30T12:57:44Z">
          <reporter-output>
          </reporter-output>
        </test-method> <!-- afterTest -->
      </class> <!-- TestPackage.NewTest -->
    </test> <!-- Command line test -->
  </suite> <!-- TestPackage.NewTest -->
</testng-results>
