<?xml version="1.0" encoding="UTF-8"?>
<testng-results skipped="0" failed="0" total="1" passed="1">
  <reporter-output>
  </reporter-output>
  <suite name="Default suite" duration-ms="32801" started-at="2018-03-30T06:57:09Z" finished-at="2018-03-30T06:57:42Z">
    <groups>
    </groups>
    <test name="Default test" duration-ms="32801" started-at="2018-03-30T06:57:09Z" finished-at="2018-03-30T06:57:42Z">
      <class name="TestPackage.NewTest">
        <test-method status="PASS" signature="beforeTest()[pri:0, instance:TestPackage.NewTest@1b604f19]" name="beforeTest" is-config="true" duration-ms="3983" started-at="2018-03-30T12:27:09Z" finished-at="2018-03-30T12:27:13Z">
          <reporter-output>
          </reporter-output>
        </test-method> <!-- beforeTest -->
        <test-method status="PASS" signature="testEasy()[pri:0, instance:TestPackage.NewTest@1b604f19]" name="testEasy" duration-ms="28772" started-at="2018-03-30T12:27:13Z" finished-at="2018-03-30T12:27:42Z">
          <reporter-output>
          </reporter-output>
        </test-method> <!-- testEasy -->
        <test-method status="PASS" signature="afterTest()[pri:0, instance:TestPackage.NewTest@1b604f19]" name="afterTest" is-config="true" duration-ms="23" started-at="2018-03-30T12:27:42Z" finished-at="2018-03-30T12:27:42Z">
          <reporter-output>
          </reporter-output>
        </test-method> <!-- afterTest -->
      </class> <!-- TestPackage.NewTest -->
    </test> <!-- Default test -->
  </suite> <!-- Default suite -->
</testng-results>
